TN:
SF:/home/german/developer/platzi/nodejs/platziverse/platziverse-db/index.js
FN:10,(anonymous_0)
FNF:1
FNH:1
FNDA:14,(anonymous_0)
DA:1,14
DA:2,14
DA:3,14
DA:4,14
DA:5,14
DA:6,14
DA:7,14
DA:8,14
DA:10,14
DA:11,14
DA:33,14
DA:34,14
DA:35,14
DA:37,14
DA:38,14
DA:40,14
DA:42,14
DA:43,0
DA:46,14
DA:47,14
DA:49,14
LF:21
LH:20
BRDA:42,0,0,0
BRDA:42,0,1,14
BRF:2
BRH:1
end_of_record
TN:
SF:/home/german/developer/platzi/nodejs/platziverse/platziverse-db/lib/agent.js
FN:1,setupAgent
FN:2,createOrUpdate
FN:21,findById
FN:25,findByUuid
FN:33,findAll
FN:37,findConnected
FN:45,findByUsername
FNF:7
FNH:7
FNDA:14,setupAgent
FNDA:2,createOrUpdate
FNDA:1,findById
FNDA:1,findByUuid
FNDA:1,findAll
FNDA:1,findConnected
FNDA:1,findByUsername
DA:1,2
DA:3,2
DA:9,2
DA:11,2
DA:12,1
DA:14,1
DA:16,1
DA:18,1
DA:22,1
DA:26,1
DA:34,1
DA:38,1
DA:46,1
DA:54,14
LF:14
LH:14
BRDA:11,0,0,1
BRDA:11,0,1,1
BRDA:14,1,0,1
BRDA:14,1,1,0
BRF:4
BRH:3
end_of_record
TN:
SF:/home/german/developer/platzi/nodejs/platziverse/platziverse-db/lib/db.js
FN:4,setupDatabase
FNF:1
FNH:1
FNDA:14,setupDatabase
DA:1,2
DA:2,2
DA:4,2
DA:5,14
DA:6,2
DA:8,14
LF:6
LH:6
BRDA:5,0,0,2
BRDA:5,0,1,12
BRF:2
BRH:2
end_of_record
TN:
SF:/home/german/developer/platzi/nodejs/platziverse/platziverse-db/lib/metric.js
FN:1,setupMetric
FN:2,findByAgentUuid
FN:19,findByTypeAgentUuid
FN:40,create
FNF:4
FNH:4
FNDA:14,setupMetric
FNDA:1,findByAgentUuid
FNDA:1,findByTypeAgentUuid
FNDA:1,create
DA:1,2
DA:3,1
DA:20,1
DA:41,1
DA:45,1
DA:46,1
DA:47,1
DA:49,1
DA:53,14
LF:9
LH:9
BRDA:45,0,0,1
BRDA:45,0,1,0
BRF:2
BRH:1
end_of_record
TN:
SF:/home/german/developer/platzi/nodejs/platziverse/platziverse-db/models/agent.js
FN:4,setupAgentModel
FNF:1
FNH:0
FNDA:0,setupAgentModel
DA:1,2
DA:2,2
DA:4,2
DA:5,0
DA:7,0
LF:5
LH:3
BRF:0
BRH:0
end_of_record
TN:
SF:/home/german/developer/platzi/nodejs/platziverse/platziverse-db/models/metric.js
FN:4,setupAgentModel
FNF:1
FNH:0
FNDA:0,setupAgentModel
DA:1,2
DA:2,2
DA:4,2
DA:5,0
DA:7,0
LF:5
LH:3
BRF:0
BRH:0
end_of_record
TN:
SF:/home/german/developer/platzi/nodejs/platziverse/platziverse-db/tests/agent-tests.js
FN:8,(anonymous_4)
FN:43,(anonymous_5)
FN:53,(anonymous_6)
FN:86,(anonymous_7)
FN:87,(anonymous_8)
FN:93,(anonymous_9)
FN:97,(anonymous_10)
FN:101,(anonymous_11)
FN:114,(anonymous_12)
FN:127,(anonymous_13)
FN:140,(anonymous_14)
FN:158,(anonymous_15)
FN:176,(anonymous_16)
FN:194,(anonymous_17)
FN:213,(anonymous_18)
FNF:15
FNH:15
FNDA:9,(anonymous_4)
FNDA:9,(anonymous_5)
FNDA:1,(anonymous_6)
FNDA:9,(anonymous_7)
FNDA:9,(anonymous_8)
FNDA:9,(anonymous_9)
FNDA:1,(anonymous_10)
FNDA:1,(anonymous_11)
FNDA:1,(anonymous_12)
FNDA:1,(anonymous_13)
FNDA:1,(anonymous_14)
FNDA:1,(anonymous_15)
FNDA:1,(anonymous_16)
FNDA:1,(anonymous_17)
FNDA:1,(anonymous_18)
DA:1,1
DA:2,1
DA:3,1
DA:5,1
DA:7,1
DA:11,1
DA:15,1
DA:16,1
DA:17,1
DA:18,1
DA:19,1
DA:20,1
DA:22,1
DA:26,1
DA:30,1
DA:34,1
DA:43,1
DA:44,9
DA:45,9
DA:50,9
DA:51,9
DA:54,1
DA:60,9
DA:61,9
DA:64,9
DA:65,9
DA:70,9
DA:71,9
DA:76,9
DA:77,9
DA:78,9
DA:81,9
DA:85,9
DA:86,9
DA:87,9
DA:90,9
DA:93,1
DA:94,9
DA:97,1
DA:98,1
DA:101,4
DA:102,1
DA:103,1
DA:107,1
DA:108,1
DA:114,3
DA:115,1
DA:117,1
DA:118,1
DA:119,1
DA:124,1
DA:127,3
DA:128,1
DA:130,1
DA:131,1
DA:132,1
DA:137,1
DA:140,3
DA:141,1
DA:143,1
DA:144,1
DA:145,1
DA:150,1
DA:155,1
DA:158,3
DA:159,1
DA:161,1
DA:162,1
DA:163,1
DA:168,1
DA:173,1
DA:176,3
DA:177,1
DA:179,1
DA:180,1
DA:181,1
DA:186,1
DA:191,1
DA:194,6
DA:195,1
DA:197,1
DA:198,1
DA:199,1
DA:203,1
DA:204,1
DA:205,1
DA:210,1
DA:213,6
DA:214,1
DA:216,1
DA:217,1
DA:218,1
DA:224,1
DA:225,1
DA:226,1
DA:231,1
LF:96
LH:96
BRDA:94,0,0,9
BRDA:94,0,1,9
BRF:2
BRH:2
end_of_record
TN:
SF:/home/german/developer/platzi/nodejs/platziverse/platziverse-db/tests/metric-tests.js
FN:8,(anonymous_4)
FN:61,(anonymous_5)
FN:79,(anonymous_6)
FN:99,(anonymous_7)
FN:100,(anonymous_8)
FN:106,(anonymous_9)
FN:110,(anonymous_10)
FN:114,(anonymous_11)
FN:130,(anonymous_12)
FN:142,(anonymous_13)
FN:158,(anonymous_14)
FNF:11
FNH:11
FNDA:5,(anonymous_4)
FNDA:5,(anonymous_5)
FNDA:1,(anonymous_6)
FNDA:5,(anonymous_7)
FNDA:5,(anonymous_8)
FNDA:5,(anonymous_9)
FNDA:1,(anonymous_10)
FNDA:1,(anonymous_11)
FNDA:1,(anonymous_12)
FNDA:1,(anonymous_13)
FNDA:1,(anonymous_14)
DA:1,1
DA:2,1
DA:3,1
DA:5,1
DA:7,1
DA:11,1
DA:12,1
DA:13,1
DA:14,1
DA:17,1
DA:32,1
DA:51,1
DA:57,1
DA:61,1
DA:62,5
DA:63,5
DA:66,5
DA:71,5
DA:72,5
DA:76,5
DA:77,5
DA:80,1
DA:85,5
DA:86,5
DA:89,5
DA:90,5
DA:91,5
DA:94,5
DA:98,5
DA:99,5
DA:100,5
DA:103,5
DA:106,1
DA:107,5
DA:110,1
DA:111,1
DA:114,4
DA:115,1
DA:119,1
DA:123,1
DA:124,1
DA:130,3
DA:131,1
DA:133,1
DA:134,1
DA:135,1
DA:139,1
DA:142,3
DA:143,1
DA:145,1
DA:146,1
DA:147,1
DA:151,1
DA:158,6
DA:159,1
DA:161,1
DA:162,1
DA:163,1
DA:168,1
DA:169,1
DA:170,1
DA:175,1
LF:62
LH:62
BRDA:107,0,0,5
BRDA:107,0,1,5
BRF:2
BRH:2
end_of_record
